*** Using Compiler 'V5.06 update 7 (build 960)', folder: 'E:\keil_arm\ARM\ARMCC\Bin'
Rebuild target 'UARTcom'
assembling startup_stm32f103xe.s...
compiling tim.c...
compiling stm32f1xx_hal_dma.c...
compiling gpio.c...
compiling stm32f1xx_hal_pwr.c...
compiling stm32f1xx_hal.c...
compiling stm32f1xx_hal_rcc_ex.c...
compiling stm32f1xx_hal_cortex.c...
compiling main.c...
../Drivers/User/delay.h(19): warning:  #1-D: last line of file ends without a newline
  #endif
../Core/Src/main.c(91): warning:  #177-D: variable "ledrpwmval"  was declared but never referenced
    uint16_t ledrpwmval = 0;
../Core/Src/main.c: 2 warnings, 0 errors
compiling stm32f1xx_hal_msp.c...
compiling stm32f1xx_it.c...
compiling stm32f1xx_hal_gpio.c...
compiling stm32f1xx_hal_gpio_ex.c...
compiling delay.c...
..\Drivers\User\delay.h(19): warning:  #1-D: last line of file ends without a newline
  #endif
..\Drivers\User\delay.c: 1 warning, 0 errors
compiling stm32f1xx_hal_tim_ex.c...
compiling stm32f1xx_hal_rcc.c...
compiling stm32f1xx_hal_tim.c...
compiling stm32f1xx_hal_flash.c...
compiling system_stm32f1xx.c...
compiling stm32f1xx_hal_exti.c...
compiling stm32f1xx_hal_flash_ex.c...
linking...
Program Size: Code=4656 RO-data=372 RW-data=20 ZI-data=1708  
FromELF: creating hex file...
"UARTcom\UARTcom.axf" - 0 Error(s), 3 Warning(s).
Build Time Elapsed:  00:00:05
