*** Using Compiler 'V5.06 update 7 (build 960)', folder: 'E:\keil_arm\ARM\ARMCC\Bin'
Rebuild target 'LED'
assembling startup_stm32f103xe.s...
compiling stm32f1xx_hal_tim.c...
compiling main.c...
../Core/Src/main.c(25): error:  #5: cannot open source input file "delay.h": No such file or directory
  #include "delay.h"
../Core/Src/main.c: 0 warnings, 1 error
compiling gpio.c...
compiling stm32f1xx_hal_gpio_ex.c...
compiling stm32f1xx_hal_gpio.c...
compiling stm32f1xx_hal_tim_ex.c...
compiling stm32f1xx_hal_pwr.c...
compiling stm32f1xx_it.c...
compiling delay.c...
delay.h(18): warning:  #1-D: last line of file ends without a newline
  #endif
delay.c: 1 warning, 0 errors
compiling stm32f1xx_hal_msp.c...
compiling stm32f1xx_hal_flash.c...
compiling stm32f1xx_hal_rcc_ex.c...
compiling stm32f1xx_hal_cortex.c...
compiling stm32f1xx_hal.c...
compiling stm32f1xx_hal_dma.c...
compiling stm32f1xx_hal_rcc.c...
compiling stm32f1xx_hal_flash_ex.c...
compiling system_stm32f1xx.c...
compiling stm32f1xx_hal_exti.c...
"LED\LED.axf" - 1 Error(s), 1 Warning(s).
Target not created.
Build Time Elapsed:  00:00:08
